<html>
<body>
<pre>
<h1>Vision Build Log</h1>
<h2>Project:</h2>
E:\github\ElectronicDesignContest\UpperMachine\实验33 无线通信实验\USER\NRF24L01.uvprojx
Project File Date:  08/13/2015

<h2>Output:</h2>
Build target 'NRF24L01'
compiling mytask.c...
mytask.c(372): warning:  #177-D: variable "i" was declared but never referenced
        int i=0;
mytask.c(628): warning:  #177-D: variable "length" was declared but never referenced
        float length = 40;
mytask.c(631): warning:  #177-D: variable "x_pwm" was declared but never referenced
        int x_pwm[30]={ 1000,1000,1000,1000,1000,
mytask.c(639): warning:  #177-D: variable "y_pwm" was declared but never referenced
        int y_pwm[30]={ 1000,1000,1000,1000,1000,
mytask.c: 4 warnings, 0 errors
linking...
Program Size: Code=55000 RO-data=12564 RW-data=3560 ZI-data=1864  
FromELF: creating hex file...
"..\OBJ\NRF24L01.axf" - 0 Error(s), 4 Warning(s).
Load "..\\OBJ\\NRF24L01.axf" 
Set JLink Project File to "E:\github\ElectronicDesignContest\UpperMachine\实验33 无线通信实验\USER\JLinkSettings.ini"
* JLink Info: Device "STM32F103ZE" selected (512 KB flash, 64 KB RAM).
 
JLink info:
------------
DLL: V4.80g, compiled Feb 13 2014 20:50:02
Firmware: J-Link ARM V8 compiled Nov 25 2013 19:20:08
Hardware: V8.00
S/N : 99999994 
Feature(s) : RDI,FlashDL,FlashBP,JFlash,GDBFULL 
 
* JLink Info: Found SWD-DP with ID 0x1BA01477
* JLink Info: Found SWD-DP with ID 0x1BA01477
* JLink Info: Found Cortex-M3 r1p1, Little endian.
* JLink Info: FPUnit: 6 code (BP) slots and 2 literal slots
* JLink Info: TPIU fitted.
* JLink Info: ETM fitted.
ROMTableAddr = 0xE00FF003
 
Target info:
------------
Device: STM32F103ZE
VTarget = 3.267V
State of Pins: 
TCK: 0, TDI: 0, TDO: 1, TMS: 1, TRES: 1, TRST: 1
Hardware-Breakpoints: 6
Software-Breakpoints: 8192
Watchpoints:          4
JTAG speed: 4000 kHz
 
Erase Done.
Programming Done.
Verify OK.
Application running ...
</pre>
</body>
</html>
f" 
Set JLink Project File to "E:\github\ElectronicDesignContest\UpperMachine\实验33 无线通信实验\USER\JLinkSettings.ini"
* JLink Info: Device "STM32F103ZE" selected (512 KB flash, 64 KB RAM).
 
JLink info:
------------
DLL: V4.80g, compiled Feb 13 2014 20:50:02
Firmware: J-Link ARM V8 compiled Nov 25 2013 19:20:08
Hardware: V8.00
S/N : 99999994 
Feature(s) : RDI,FlashDL,FlashBP,JFlash,GDBFULL 
 
* JLink Info: Found SWD-DP with ID 0x1BA01477
* JLink Info: Found SWD-DP with ID 0x1BA01477
* JLink Info: Found Cortex-M3 r1p1, Little endian.
* JLink Info: FPUnit: 6 code (BP) slots and 2 literal slots
* JLink Info: TPIU fitted.
* JLink Info: ETM fitted.
ROMTableAddr = 0xE00FF003
 
Target info:
------------
Device: STM32F103ZE
VTarget = 3.261V
State of Pins: 
TCK: 0, TDI: 0, TDO: 1, TMS: 1, TRES: 1, TRST: 1
Hardware-Breakpoints: 6
Software-Breakpoints: 8192
Watchpoints:          4
JTAG speed: 4000 kHz
 
Erase Done.
Programming Done.
Verify OK.
Application running ...
D 0x1BA01477
* JLink Info: Found Cortex-M3 r1p1, Little endian.
* JLink Info: FPUnit: 6 code (BP) slots and 2 literal slots
* JLink Info: TPIU fitted.
* JLink Info: ETM fitted.
ROMTableAddr = 0xE00FF003
 
Target info:
------------
Device: STM32F103ZE
VTarget = 3.267V
State of Pins: 
TCK: 0, TDI: 0, TDO: 1, TMS: 1, TRES: 1, TRST: 1
Hardware-Breakpoints: 6
Software-Breakpoints: 8192
Watchpoints:          4
JTAG speed: 4000 kHz
 
Erase Done.
Programming Done.
Verify OK.
Application running ...

VTarget = 3.267V
State of Pins: 
TCK: 0, TDI: 0, TDO: 1, TMS: 1, TRES: 1, TRST: 1
Hardware-Breakpoints: 6
Software-Breakpoints: 8192
Watchpoints:          4
JTAG speed: 4000 kHz
 
Erase Done.
Programming Done.
Verify OK.
Application running ...
5): error:  #77-D: this declaration has no storage class or type specifier
        TIM_TimeBaseStructure.TIM_Period = PWM_ARR;   //设置在下一个更新事件装入活动的自动重装载寄存器周期的值 PWM频率 72000/1000   = 7.2KHZ  ???
..\HARDWARE\Motor\Motor.c(85): error:  #65: expected a ";"
        TIM_TimeBaseStructure.TIM_Period = PWM_ARR;   //设置在下一个更新事件装入活动的自动重装载寄存器周期的值 PWM频率 72000/1000   = 7.2KHZ  ???
..\HARDWARE\Motor\Motor.c(86): error:  #77-D: this declaration has no storage class or type specifier
        TIM_TimeBaseStructure.TIM_Prescaler = PrescalerValue;  // //设置用来作为TIMx时钟频率除数的预分频值  10Khz的计数频率  
..\HARDWARE\Motor\Motor.c(86): error:  #65: expected a ";"
        TIM_TimeBaseStructure.TIM_Prescaler = PrescalerValue;  // //设置用来作为TIMx时钟频率除数的预分频值  10Khz的计数频率  
..\HARDWARE\Motor\Motor.c(87): error:  #77-D: this declaration has no storage class or type specifier
        TIM_TimeBaseStructure.TIM_ClockDivision = 0;////设置时钟分割:TDTS = Tck_tim
..\HARDWARE\Motor\Motor.c(87): error:  #65: expected a ";"
        TIM_TimeBaseStructure.TIM_ClockDivision = 0;////设置时钟分割:TDTS = Tck_tim
..\HARDWARE\Motor\Motor.c(88): error:  #77-D: this declaration has no storage class or type specifier
        TIM_TimeBaseStructure.TIM_CounterMode = TIM_CounterMode_Up;  //TIM向上计数模式
..\HARDWARE\Motor\Motor.c(88): error:  #65: expected a ";"
        TIM_TimeBaseStructure.TIM_CounterMode = TIM_CounterMode_Up;  //TIM向上计数模式
..\HARDWARE\Motor\Motor.c(90): error:  #79: expected a type specifier
        TIM_TimeBaseInit(PWM_TIMER , &TIM_TimeBaseStructure);////根据TIM_TimeBaseInitStruct中指定的参数初始化TIMx的时间基数单位
..\HARDWARE\Motor\Motor.c: 3 warnings, 30 errors
"..\OBJ\NRF24L01.axf" - 30 Error(s), 3 Warning(s).
Target not created
